Arguments: 
  /home/park/.nvm/versions/node/v14.16.0/bin/node /usr/share/yarn/bin/yarn.js add -D @babel/core @babel/preset-react @babel/preset-typescript @types/react @types/react-dom babel-loader bundel-loader html-webpack-plugin serve typescript webpack webpack-cli webpack-dev-server

PATH: 
  /home/park/.poetry/bin:/home/park/.pyenv/shims:/home/park/.pyenv/bin:/home/park/.nvm/versions/node/v14.16.0/bin:/home/park/.deno/bin:/home/park/.cargo/bin:/home/park/.poetry/bin:/home/park/.yarn/bin:/home/park/.local/bin:/home/park/scripts:/home/park/.local/bin:/usr/local/sbin:/usr/local/bin:/usr/sbin:/usr/bin:/sbin:/bin:/usr/games:/usr/local/games:/snap/bin:/usr/local/go/bin:/home/park/.fzf/bin

Yarn version: 
  1.22.5

Node version: 
  14.16.0

Platform: 
  linux x64

Trace: 
  Error: https://registry.yarnpkg.com/bundel-loader: Not found
      at Request.params.callback [as _callback] (/usr/share/yarn/lib/cli.js:66988:18)
      at Request.self.callback (/usr/share/yarn/lib/cli.js:140749:22)
      at Request.emit (events.js:315:20)
      at Request.<anonymous> (/usr/share/yarn/lib/cli.js:141721:10)
      at Request.emit (events.js:315:20)
      at IncomingMessage.<anonymous> (/usr/share/yarn/lib/cli.js:141643:12)
      at Object.onceWrapper (events.js:421:28)
      at IncomingMessage.emit (events.js:327:22)
      at endReadableNT (internal/streams/readable.js:1327:12)
      at processTicksAndRejections (internal/process/task_queues.js:80:21)

npm manifest: 
  {
    "name": "@blog-fom-notion/app1",
    "version": "1.0.0",
    "main": "index.js",
    "license": "MIT"
  }

yarn manifest: 
  No manifest

Lockfile: 
  No lockfile
